AutoDock Vina 52ec525-mod
#################################################################
# If you used AutoDock Vina in your work, please cite:          #
#                                                               #
# J. Eberhardt, D. Santos-Martins, A. F. Tillack, and S. Forli  #
# AutoDock Vina 1.2.0: New Docking Methods, Expanded Force      #
# Field, and Python Bindings, J. Chem. Inf. Model. (2021)       #
# DOI 10.1021/acs.jcim.1c00203                                  #
#                                                               #
# O. Trott, A. J. Olson,                                        #
# AutoDock Vina: improving the speed and accuracy of docking    #
# with a new scoring function, efficient optimization and       #
# multithreading, J. Comp. Chem. (2010)                         #
# DOI 10.1002/jcc.21334                                         #
#                                                               #
# Please see https://github.com/ccsb-scripps/AutoDock-Vina for  #
# more information.                                             #
#################################################################

Scoring function : ad4
Ligand: /app/Palbociclib.pdbqt
Exhaustiveness: 8
CPU: 4
Verbosity: 2

Reading AD4.2 maps ... done.
Performing docking (random seed: 1367858384) ... 
0%   10   20   30   40   50   60   70   80   90   100%
|----|----|----|----|----|----|----|----|----|----|
***************************************************
done.
ENERGY FROM SEARCH: -10.9609
FINAL ENERGY: 
Estimated Free Energy of Binding   : -8.328 (kcal/mol) [=(1)+(2)+(3)-(4)]
(1) Final Intermolecular Energy    : -9.819 (kcal/mol)
    Ligand - Receptor              : -9.819 (kcal/mol)
    Ligand - Flex side chains      : 0.000 (kcal/mol)
(2) Final Total Internal Energy    : -1.142 (kcal/mol)
    Ligand                         : -1.142 (kcal/mol)
    Flex   - Receptor              : 0.000 (kcal/mol)
    Flex   - Flex side chains      : 0.000 (kcal/mol)
(3) Torsional Free Energy          : 1.492 (kcal/mol)
(4) Unbound System's Energy [=(2)] : -1.142 (kcal/mol)
ENERGY FROM SEARCH: -8.236
FINAL ENERGY: 
Estimated Free Energy of Binding   : -5.534 (kcal/mol) [=(1)+(2)+(3)-(4)]
(1) Final Intermolecular Energy    : -7.025 (kcal/mol)
    Ligand - Receptor              : -7.025 (kcal/mol)
    Ligand - Flex side chains      : 0.000 (kcal/mol)
(2) Final Total Internal Energy    : -1.211 (kcal/mol)
    Ligand                         : -1.211 (kcal/mol)
    Flex   - Receptor              : 0.000 (kcal/mol)
    Flex   - Flex side chains      : 0.000 (kcal/mol)
(3) Torsional Free Energy          : 1.492 (kcal/mol)
(4) Unbound System's Energy [=(2)] : -1.211 (kcal/mol)
ENERGY FROM SEARCH: -7.869
FINAL ENERGY: 
Estimated Free Energy of Binding   : -5.173 (kcal/mol) [=(1)+(2)+(3)-(4)]
(1) Final Intermolecular Energy    : -6.665 (kcal/mol)
    Ligand - Receptor              : -6.665 (kcal/mol)
    Ligand - Flex side chains      : 0.000 (kcal/mol)
(2) Final Total Internal Energy    : -1.204 (kcal/mol)
    Ligand                         : -1.204 (kcal/mol)
    Flex   - Receptor              : 0.000 (kcal/mol)
    Flex   - Flex side chains      : 0.000 (kcal/mol)
(3) Torsional Free Energy          : 1.492 (kcal/mol)
(4) Unbound System's Energy [=(2)] : -1.204 (kcal/mol)
ENERGY FROM SEARCH: -6.373
FINAL ENERGY: 
Estimated Free Energy of Binding   : -4.246 (kcal/mol) [=(1)+(2)+(3)-(4)]
(1) Final Intermolecular Energy    : -5.737 (kcal/mol)
    Ligand - Receptor              : -5.737 (kcal/mol)
    Ligand - Flex side chains      : 0.000 (kcal/mol)
(2) Final Total Internal Energy    : -0.631 (kcal/mol)
    Ligand                         : -0.631 (kcal/mol)
    Flex   - Receptor              : 0.000 (kcal/mol)
    Flex   - Flex side chains      : 0.000 (kcal/mol)
(3) Torsional Free Energy          : 1.492 (kcal/mol)
(4) Unbound System's Energy [=(2)] : -0.631 (kcal/mol)
ENERGY FROM SEARCH: 7.765
FINAL ENERGY: 
Estimated Free Energy of Binding   : 10.289 (kcal/mol) [=(1)+(2)+(3)-(4)]
(1) Final Intermolecular Energy    : 8.798 (kcal/mol)
    Ligand - Receptor              : 8.798 (kcal/mol)
    Ligand - Flex side chains      : 0.000 (kcal/mol)
(2) Final Total Internal Energy    : -1.031 (kcal/mol)
    Ligand                         : -1.031 (kcal/mol)
    Flex   - Receptor              : 0.000 (kcal/mol)
    Flex   - Flex side chains      : 0.000 (kcal/mol)
(3) Torsional Free Energy          : 1.492 (kcal/mol)
(4) Unbound System's Energy [=(2)] : -1.031 (kcal/mol)
ENERGY FROM SEARCH: 45.995
FINAL ENERGY: 
Estimated Free Energy of Binding   : 47.853 (kcal/mol) [=(1)+(2)+(3)-(4)]
(1) Final Intermolecular Energy    : 46.361 (kcal/mol)
    Ligand - Receptor              : 46.361 (kcal/mol)
    Ligand - Flex side chains      : 0.000 (kcal/mol)
(2) Final Total Internal Energy    : -0.366 (kcal/mol)
    Ligand                         : -0.366 (kcal/mol)
    Flex   - Receptor              : 0.000 (kcal/mol)
    Flex   - Flex side chains      : 0.000 (kcal/mol)
(3) Torsional Free Energy          : 1.492 (kcal/mol)
(4) Unbound System's Energy [=(2)] : -0.366 (kcal/mol)
ENERGY FROM SEARCH: 51.375
FINAL ENERGY: 
Estimated Free Energy of Binding   : 53.285 (kcal/mol) [=(1)+(2)+(3)-(4)]
(1) Final Intermolecular Energy    : 51.794 (kcal/mol)
    Ligand - Receptor              : 51.794 (kcal/mol)
    Ligand - Flex side chains      : 0.000 (kcal/mol)
(2) Final Total Internal Energy    : -0.415 (kcal/mol)
    Ligand                         : -0.415 (kcal/mol)
    Flex   - Receptor              : 0.000 (kcal/mol)
    Flex   - Flex side chains      : 0.000 (kcal/mol)
(3) Torsional Free Energy          : 1.492 (kcal/mol)
(4) Unbound System's Energy [=(2)] : -0.415 (kcal/mol)
ENERGY FROM SEARCH: 54.255
FINAL ENERGY: 
Estimated Free Energy of Binding   : 55.493 (kcal/mol) [=(1)+(2)+(3)-(4)]
(1) Final Intermolecular Energy    : 54.001 (kcal/mol)
    Ligand - Receptor              : 54.001 (kcal/mol)
    Ligand - Flex side chains      : 0.000 (kcal/mol)
(2) Final Total Internal Energy    : 0.236 (kcal/mol)
    Ligand                         : 0.236 (kcal/mol)
    Flex   - Receptor              : 0.000 (kcal/mol)
    Flex   - Flex side chains      : 0.000 (kcal/mol)
(3) Torsional Free Energy          : 1.492 (kcal/mol)
(4) Unbound System's Energy [=(2)] : 0.236 (kcal/mol)
ENERGY FROM SEARCH: 89.133
FINAL ENERGY: 
Estimated Free Energy of Binding   : 91.601 (kcal/mol) [=(1)+(2)+(3)-(4)]
(1) Final Intermolecular Energy    : 90.110 (kcal/mol)
    Ligand - Receptor              : 90.110 (kcal/mol)
    Ligand - Flex side chains      : 0.000 (kcal/mol)
(2) Final Total Internal Energy    : -0.975 (kcal/mol)
    Ligand                         : -0.975 (kcal/mol)
    Flex   - Receptor              : 0.000 (kcal/mol)
    Flex   - Flex side chains      : 0.000 (kcal/mol)
(3) Torsional Free Energy          : 1.492 (kcal/mol)
(4) Unbound System's Energy [=(2)] : -0.975 (kcal/mol)

mode |   affinity | dist from best mode
     | (kcal/mol) | rmsd l.b.| rmsd u.b.
-----+------------+----------+----------
   1      -8.3275     0.0000     0.0000
   2      -5.5337     1.5629     2.6852
   3      -5.1732     2.0187     3.3957
   4      -4.2459     2.7128     5.2655
   5      10.2895     2.4093     4.3386
   6      47.8526     4.6355     7.0029
   7      53.2852     5.1947     7.5792
   8      55.4926     4.0580     7.5812
   9      91.6012     5.8957     8.3952
