slurmstepd: info: Setting TMPDIR to /scratch/225782. Previous errors about TMPDIR can be discarded
cesga/2020 unloaded
        Preparing the environment for use of the sistema software stack.
        Please rebuild modules cache: module --ignore-cache avail
     
cesga/system loaded
miniconda3/22.11.1-1 loaded

The following have been reloaded with a version change:
  1) cesga/2020 => cesga/system

cesga/system unloaded
miniconda3/22.11.1-1 unloaded
        Preparing the environment for use of the CESGA 2020 software stack.
        Please rebuild modules cache: module --ignore-cache avail
     
cesga/2020 loaded
	[91mPLEASE, READ BEFORE USING CONDA:[0m
	We are implementing a better use of Miniconda3 for work with their environments. This Miniconda3 was installed under the plain system in order to not have conflicts with the gentoo prefix libraries in the cesga/2020 module.
	For loading it, type [93mmodule load cesga/system miniconda3/22.11.1-1[0m
miniconda3/22.11.1-1 loaded
gcccore/system loaded
gcc/system loaded
hwloc/2.2.0 loaded
ucx/1.11.2 loaded
cuda/system loaded
gdrcopy/2.3 loaded
ucx-cuda/1.11.2 loaded
slurm/cesga loaded
openmpi/4.0.5_ft3_cuda loaded

imkl/2021.3.0 loaded
plumed/2.8.0 loaded
gromacs/2021.4-plumed-2.8.0 loaded

Due to MODULEPATH changes, the following have been reloaded:
  1) miniconda3/22.11.1-1

The following have been reloaded with a version change:
  1) cesga/system => cesga/2020

mkdir -p  ../Prueba_final
conda run -n acpype python Scripts_Carlos/fixer.py -i ../Input_files/experiment_39_docking_files//6QH4.pdb -o ../Prueba_final/receptor_clean_previo.pdb
